# JRE version: OpenJDK Runtime Environment (8.0_152-b01) (build 1.8.0_152-release-915-b01)
# Java VM: OpenJDK 64-Bit Server VM (25.152-b01 mixed mode bsd-amd64 compressed oops)
Heap:
 PSYoungGen      total 254976K, used 245327K [0x000000015c400000, 0x0000000170d00000, 0x000000017c400000)
  eden space 253952K, 96% used [0x000000015c400000,0x000000016b393e78,0x000000016bc00000)
  from space 1024K, 0% used [0x000000016bc00000,0x000000016bc00000,0x000000016bd00000)
  to   space 41472K, 0% used [0x000000016e480000,0x000000016e480000,0x0000000170d00000)
 ParOldGen       total 120832K, used 41430K [0x000000011c400000, 0x0000000123a00000, 0x000000015c400000)
  object space 120832K, 34% used [0x000000011c400000,0x000000011ec75ab8,0x0000000123a00000)
 Metaspace       used 85104K, capacity 89314K, committed 91736K, reserved 1128448K
  class space    used 10455K, capacity 11501K, committed 11904K, reserved 1048576K
GC Heap History (10 events):
Event: 17265.253 GC heap before
{Heap before GC invocations=81 (full 7):
 PSYoungGen      total 271872K, used 1516K [0x000000015c400000, 0x000000016fa80000, 0x000000017c400000)
  eden space 226816K, 0% used [0x000000015c400000,0x000000015c400000,0x000000016a180000)
  from space 45056K, 3% used [0x000000016ce80000,0x000000016cffb158,0x000000016fa80000)
  to   space 45568K, 0% used [0x000000016a180000,0x000000016a180000,0x000000016ce00000)
 ParOldGen       total 120832K, used 84196K [0x000000011c400000, 0x0000000123a00000, 0x000000015c400000)
  object space 120832K, 69% used [0x000000011c400000,0x0000000121639160,0x0000000123a00000)
 Metaspace       used 86206K, capacity 91562K, committed 91736K, reserved 1128448K
  class space    used 10705K, capacity 11895K, committed 11904K, reserved 1048576K
Event: 17265.831 GC heap after
Heap after GC invocations=81 (full 7):
 PSYoungGen      total 271872K, used 0K [0x000000015c400000, 0x000000016fa80000, 0x000000017c400000)
  eden space 226816K, 0% used [0x000000015c400000,0x000000015c400000,0x000000016a180000)
  from space 45056K, 0% used [0x000000016ce80000,0x000000016ce80000,0x000000016fa80000)
  to   space 45568K, 0% used [0x000000016a180000,0x000000016a180000,0x000000016ce00000)
 ParOldGen       total 120832K, used 48795K [0x000000011c400000, 0x0000000123a00000, 0x000000015c400000)
  object space 120832K, 40% used [0x000000011c400000,0x000000011f3a6eb8,0x0000000123a00000)
 Metaspace       used 85637K, capacity 90372K, committed 91736K, reserved 1128448K
  class space    used 10603K, capacity 11658K, committed 11904K, reserved 1048576K
}
Event: 17330.999 GC heap before
{Heap before GC invocations=82 (full 7):
 PSYoungGen      total 271872K, used 226816K [0x000000015c400000, 0x000000016fa80000, 0x000000017c400000)
  eden space 226816K, 100% used [0x000000015c400000,0x000000016a180000,0x000000016a180000)
  from space 45056K, 0% used [0x000000016ce80000,0x000000016ce80000,0x000000016fa80000)
  to   space 45568K, 0% used [0x000000016a180000,0x000000016a180000,0x000000016ce00000)
 ParOldGen       total 120832K, used 48795K [0x000000011c400000, 0x0000000123a00000, 0x000000015c400000)
  object space 120832K, 40% used [0x000000011c400000,0x000000011f3a6eb8,0x0000000123a00000)
 Metaspace       used 85922K, capacity 90948K, committed 91736K, reserved 1128448K
  class space    used 10649K, capacity 11762K, committed 11904K, reserved 1048576K
Event: 17331.016 GC heap after
Heap after GC invocations=82 (full 7):
 PSYoungGen      total 272384K, used 7488K [0x000000015c400000, 0x0000000171480000, 0x000000017c400000)
  eden space 226816K, 0% used [0x000000015c400000,0x000000015c400000,0x000000016a180000)
  from space 45568K, 16% used [0x000000016a180000,0x000000016a8d0060,0x000000016ce00000)
  to   space 44032K, 0% used [0x000000016e980000,0x000000016e980000,0x0000000171480000)
 ParOldGen       total 120832K, used 48803K [0x000000011c400000, 0x0000000123a00000, 0x000000015c400000)
  object space 120832K, 40% used [0x000000011c400000,0x000000011f3a8eb8,0x0000000123a00000)
 Metaspace       used 85922K, capacity 90948K, committed 91736K, reserved 1128448K
  class space    used 10649K, capacity 11762K, committed 11904K, reserved 1048576K
}
Event: 17337.723 GC heap before
{Heap before GC invocations=83 (full 7):
 PSYoungGen      total 272384K, used 227397K [0x000000015c400000, 0x0000000171480000, 0x000000017c400000)
  eden space 226816K, 96% used [0x000000015c400000,0x0000000169ac14b0,0x000000016a180000)
  from space 45568K, 16% used [0x000000016a180000,0x000000016a8d0060,0x000000016ce00000)
  to   space 44032K, 0% used [0x000000016e980000,0x000000016e980000,0x0000000171480000)
 ParOldGen       total 120832K, used 48803K [0x000000011c400000, 0x0000000123a00000, 0x000000015c400000)
  object space 120832K, 40% used [0x000000011c400000,0x000000011f3a8eb8,0x0000000123a00000)
 Metaspace       used 86032K, capacity 91146K, committed 91736K, reserved 1128448K
  class space    used 10666K, capacity 11795K, committed 11904K, reserved 1048576K
Event: 17337.775 GC heap after
Heap after GC invocations=83 (full 7):
 PSYoungGen      total 291328K, used 8665K [0x000000015c400000, 0x0000000170e00000, 0x000000017c400000)
  eden space 253952K, 0% used [0x000000015c400000,0x000000015c400000,0x000000016bc00000)
  from space 37376K, 23% used [0x000000016e980000,0x000000016f1f6590,0x0000000170e00000)
  to   space 41984K, 0% used [0x000000016bc00000,0x000000016bc00000,0x000000016e500000)
 ParOldGen       total 120832K, used 55762K [0x000000011c400000, 0x0000000123a00000, 0x000000015c400000)
  object space 120832K, 46% used [0x000000011c400000,0x000000011fa74b68,0x0000000123a00000)
 Metaspace       used 86032K, capacity 91146K, committed 91736K, reserved 1128448K
  class space    used 10666K, capacity 11795K, committed 11904K, reserved 1048576K
}
Event: 20865.833 GC heap before
{Heap before GC invocations=84 (full 7):
 PSYoungGen      total 291328K, used 104129K [0x000000015c400000, 0x0000000170e00000, 0x000000017c400000)
  eden space 253952K, 37% used [0x000000015c400000,0x0000000162139fc0,0x000000016bc00000)
  from space 37376K, 23% used [0x000000016e980000,0x000000016f1f6590,0x0000000170e00000)
  to   space 41984K, 0% used [0x000000016bc00000,0x000000016bc00000,0x000000016e500000)
 ParOldGen       total 120832K, used 55762K [0x000000011c400000, 0x0000000123a00000, 0x000000015c400000)
  object space 120832K, 46% used [0x000000011c400000,0x000000011fa74b68,0x0000000123a00000)
 Metaspace       used 86058K, capacity 91218K, committed 91736K, reserved 1128448K
  class space    used 10668K, capacity 11795K, committed 11904K, reserved 1048576K
Event: 20865.963 GC heap after
Heap after GC invocations=84 (full 7):
 PSYoungGen      total 254976K, used 745K [0x000000015c400000, 0x0000000170d00000, 0x000000017c400000)
  eden space 253952K, 0% used [0x000000015c400000,0x000000015c400000,0x000000016bc00000)
  from space 1024K, 72% used [0x000000016bc00000,0x000000016bcba590,0x000000016bd00000)
  to   space 41472K, 0% used [0x000000016e480000,0x000000016e480000,0x0000000170d00000)
 ParOldGen       total 120832K, used 56658K [0x000000011c400000, 0x0000000123a00000, 0x000000015c400000)
  object space 120832K, 46% used [0x000000011c400000,0x000000011fb54b78,0x0000000123a00000)
 Metaspace       used 86058K, capacity 91218K, committed 91736K, reserved 1128448K
  class space    used 10668K, capacity 11795K, committed 11904K, reserved 1048576K
}
Event: 20865.963 GC heap before
{Heap before GC invocations=85 (full 8):
 PSYoungGen      total 254976K, used 745K [0x000000015c400000, 0x0000000170d00000, 0x000000017c400000)
  eden space 253952K, 0% used [0x000000015c400000,0x000000015c400000,0x000000016bc00000)
  from space 1024K, 72% used [0x000000016bc00000,0x000000016bcba590,0x000000016bd00000)
  to   space 41472K, 0% used [0x000000016e480000,0x000000016e480000,0x0000000170d00000)
 ParOldGen       total 120832K, used 56658K [0x000000011c400000, 0x0000000123a00000, 0x000000015c400000)
  object space 120832K, 46% used [0x000000011c400000,0x000000011fb54b78,0x0000000123a00000)
 Metaspace       used 86058K, capacity 91218K, committed 91736K, reserved 1128448K
  class space    used 10668K, capacity 11795K, committed 11904K, reserved 1048576K
Event: 20867.368 GC heap after
Heap after GC invocations=85 (full 8):
 PSYoungGen      total 254976K, used 0K [0x000000015c400000, 0x0000000170d00000, 0x000000017c400000)
  eden space 253952K, 0% used [0x000000015c400000,0x000000015c400000,0x000000016bc00000)
  from space 1024K, 0% used [0x000000016bc00000,0x000000016bc00000,0x000000016bd00000)
  to   space 41472K, 0% used [0x000000016e480000,0x000000016e480000,0x0000000170d00000)
 ParOldGen       total 120832K, used 41430K [0x000000011c400000, 0x0000000123a00000, 0x000000015c400000)
  object space 120832K, 34% used [0x000000011c400000,0x000000011ec75ab8,0x0000000123a00000)
 Metaspace       used 84419K, capacity 88240K, committed 91736K, reserved 1128448K
  class space    used 10335K, capacity 11250K, committed 11904K, reserved 1048576K
}

